Apache Maven 3.9.15 (98b2cdbfdb5f1ac8781f537ea9acccaed7922349)
Maven home: /opt/homebrew/Cellar/maven/3.9.15/libexec
Java version: 26, vendor: Azul Systems, Inc., runtime: /Users/havardottestad/.sdkman/candidates/java/26-zulu/zulu-26.jdk/Contents/Home
Default locale: en_US, platform encoding: UTF-8
OS name: "mac os x", version: "26.4.1", arch: "aarch64", family: "mac"
[INFO] Scanning for projects...
[INFO] 
[INFO] -----------------< org.eclipse.rdf4j:rdf4j-sail-lmdb >------------------
[INFO] Building RDF4J: LmdbStore 6.0.0-SNAPSHOT
[INFO]   from pom.xml
[INFO] --------------------------------[ jar ]---------------------------------
[INFO] 
[INFO] --- enforcer:3.4.1:enforce (enforce-maven-3) @ rdf4j-sail-lmdb ---
[INFO] Rule 0: org.apache.maven.enforcer.rules.version.RequireMavenVersion passed
[INFO] 
[INFO] --- enforcer:3.4.1:enforce (enforce-logging-dependencies) @ rdf4j-sail-lmdb ---
[INFO] Rule 0: org.apache.maven.enforcer.rules.dependency.BannedDependencies passed
[INFO] 
[INFO] --- enforcer:3.4.1:enforce (enforce-javaee-provided) @ rdf4j-sail-lmdb ---
[INFO] Rule 0: org.apache.maven.enforcer.rules.dependency.BannedDependencies passed
[INFO] 
[INFO] --- enforcer:3.4.1:enforce (enforce-ban-duplicate-classes) @ rdf4j-sail-lmdb ---
[INFO] Adding ignore: module-info
[INFO] Adding ignore: META-INF/versions/*/module-info
[INFO] Adding ignore: org.junit.*
[INFO] Adding ignore: org.slf4j.*
[INFO] Adding ignore: org.opentest4j.*
[INFO] Rule 0: org.apache.maven.plugins.enforcer.BanDuplicateClasses passed
[INFO] 
[INFO] --- resources:3.3.1:resources (default-resources) @ rdf4j-sail-lmdb ---
[INFO] Copying 1 resource from src/main/resources to target/classes
[INFO] 
[INFO] --- spotless:2.34.0:apply (spotless-apply) @ rdf4j-sail-lmdb ---
[INFO] Spotless.Java is keeping 264 files clean - 0 were changed to be clean, 264 were already clean, 0 were skipped because caching determined they were already clean
[INFO] Spotless.Format is keeping 2 files clean - 0 were changed to be clean, 2 were already clean, 0 were skipped because caching determined they were already clean
[INFO] 
[INFO] --- compiler:3.14.0:compile (default-compile) @ rdf4j-sail-lmdb ---
[INFO] Recompiling the module because of changed source code.
[INFO] Compiling 103 source files with javac [debug release 25] to target/classes
[INFO] /Users/havardottestad/Documents/Programming/rdf4j-small-things/core/sail/lmdb/src/main/java/org/eclipse/rdf4j/sail/lmdb/LmdbEvaluationStatistics.java: Some input files use or override a deprecated API.
[INFO] /Users/havardottestad/Documents/Programming/rdf4j-small-things/core/sail/lmdb/src/main/java/org/eclipse/rdf4j/sail/lmdb/LmdbEvaluationStatistics.java: Recompile with -Xlint:deprecation for details.
[INFO] /Users/havardottestad/Documents/Programming/rdf4j-small-things/core/sail/lmdb/src/main/java/org/eclipse/rdf4j/sail/lmdb/LmdbSketchJoinOptimizer.java: Some input files use or override a deprecated API that is marked for removal.
[INFO] /Users/havardottestad/Documents/Programming/rdf4j-small-things/core/sail/lmdb/src/main/java/org/eclipse/rdf4j/sail/lmdb/LmdbSketchJoinOptimizer.java: Recompile with -Xlint:removal for details.
[INFO] /Users/havardottestad/Documents/Programming/rdf4j-small-things/core/sail/lmdb/src/main/java/org/eclipse/rdf4j/sail/lmdb/PersistentSet.java: /Users/havardottestad/Documents/Programming/rdf4j-small-things/core/sail/lmdb/src/main/java/org/eclipse/rdf4j/sail/lmdb/PersistentSet.java uses unchecked or unsafe operations.
[INFO] /Users/havardottestad/Documents/Programming/rdf4j-small-things/core/sail/lmdb/src/main/java/org/eclipse/rdf4j/sail/lmdb/PersistentSet.java: Recompile with -Xlint:unchecked for details.
[INFO] 
[INFO] --- resources:3.3.1:testResources (default-testResources) @ rdf4j-sail-lmdb ---
[INFO] Copying 4 resources from src/test/resources to target/test-classes
[INFO] 
[INFO] --- compiler:3.14.0:testCompile (default-testCompile) @ rdf4j-sail-lmdb ---
[INFO] Recompiling the module because of changed dependency.
[INFO] Compiling 161 source files with javac [debug release 25] to target/test-classes
[INFO] /Users/havardottestad/Documents/Programming/rdf4j-small-things/core/sail/lmdb/src/test/java/org/eclipse/rdf4j/sail/lmdb/LmdbCascadesConnectedRuleAdmissibilityTest.java: Some input files use or override a deprecated API.
[INFO] /Users/havardottestad/Documents/Programming/rdf4j-small-things/core/sail/lmdb/src/test/java/org/eclipse/rdf4j/sail/lmdb/LmdbCascadesConnectedRuleAdmissibilityTest.java: Recompile with -Xlint:deprecation for details.
[INFO] /Users/havardottestad/Documents/Programming/rdf4j-small-things/core/sail/lmdb/src/test/java/org/eclipse/rdf4j/sail/lmdb/LmdbBoundSimplifierOptimizerTest.java: Some input files use or override a deprecated API that is marked for removal.
[INFO] /Users/havardottestad/Documents/Programming/rdf4j-small-things/core/sail/lmdb/src/test/java/org/eclipse/rdf4j/sail/lmdb/LmdbBoundSimplifierOptimizerTest.java: Recompile with -Xlint:removal for details.
[INFO] /Users/havardottestad/Documents/Programming/rdf4j-small-things/core/sail/lmdb/src/test/java/org/eclipse/rdf4j/sail/lmdb/LmdbEvaluationStatisticsMemoizationTest.java: Some input files use unchecked or unsafe operations.
[INFO] /Users/havardottestad/Documents/Programming/rdf4j-small-things/core/sail/lmdb/src/test/java/org/eclipse/rdf4j/sail/lmdb/LmdbEvaluationStatisticsMemoizationTest.java: Recompile with -Xlint:unchecked for details.
[INFO] 
[INFO] --- surefire:3.5.4:test (default-test) @ rdf4j-sail-lmdb ---
[INFO] Tests are skipped.
[INFO] 
[INFO] --- jar:3.4.2:jar (default-jar) @ rdf4j-sail-lmdb ---
[INFO] Building jar: /Users/havardottestad/Documents/Programming/rdf4j-small-things/core/sail/lmdb/target/rdf4j-sail-lmdb-6.0.0-SNAPSHOT.jar
[INFO] 
[INFO] --- failsafe:3.5.4:integration-test (integration-tests) @ rdf4j-sail-lmdb ---
[INFO] Using auto detected provider org.apache.maven.surefire.junitplatform.JUnitPlatformProvider
[INFO] 
[INFO] -------------------------------------------------------
[INFO]  T E S T S
[INFO] -------------------------------------------------------
[INFO] Running org.eclipse.rdf4j.sail.lmdb.benchmark.ThemeQueryBenchmarkSmokeIT
[WARNING] Tests run: 18, Failures: 0, Errors: 0, Skipped: 18, Time elapsed: 0.145 s -- in org.eclipse.rdf4j.sail.lmdb.benchmark.ThemeQueryBenchmarkSmokeIT
[INFO] Running org.eclipse.rdf4j.sail.lmdb.SketchEstimatorThemeJoinAccuracyIT
WARNING: A restricted method in java.lang.System has been called
WARNING: java.lang.System::load has been called by org.lwjgl.system.Library$$Lambda/0x000007c001219d60 in an unnamed module (file:/Users/havardottestad/Documents/Programming/rdf4j-small-things/.m2_repo/org/lwjgl/lwjgl/3.4.1/lwjgl-3.4.1.jar)
WARNING: Use --enable-native-access=ALL-UNNAMED to avoid a warning for callers in this module
WARNING: Restricted methods will be blocked in a future release unless native access is enabled

05:15:25,908 |-INFO in ch.qos.logback.classic.LoggerContext[default] - Found logback-core version 1.5.26
05:15:25,908 |-INFO in ch.qos.logback.classic.util.ContextInitializer@3bb9efbc - No custom configurators were discovered as a service.
05:15:25,908 |-INFO in ch.qos.logback.classic.util.ContextInitializer@3bb9efbc - Trying to configure with ch.qos.logback.classic.util.DefaultJoranConfigurator
05:15:25,908 |-INFO in ch.qos.logback.classic.util.ContextInitializer@3bb9efbc - Constructed configurator of type class ch.qos.logback.classic.util.DefaultJoranConfigurator
05:15:25,909 |-INFO in ch.qos.logback.classic.LoggerContext[default] - Found resource [logback-test.xml] at [file:/Users/havardottestad/Documents/Programming/rdf4j-small-things/core/sail/lmdb/target/test-classes/logback-test.xml]
05:15:25,925 |-WARN in ch.qos.logback.classic.joran.action.LevelAction - <level> element is deprecated. Near [level] on line 9
05:15:25,925 |-WARN in ch.qos.logback.classic.joran.action.LevelAction - Please use "level" attribute within <logger> or <root> elements instead.
05:15:25,936 |-INFO in ch.qos.logback.classic.model.processor.ConfigurationModelHandlerFull - Main configuration file URL: file:/Users/havardottestad/Documents/Programming/rdf4j-small-things/core/sail/lmdb/target/test-classes/logback-test.xml
05:15:25,937 |-INFO in ch.qos.logback.classic.model.processor.ConfigurationModelHandlerFull - FileWatchList= {/Users/havardottestad/Documents/Programming/rdf4j-small-things/core/sail/lmdb/target/test-classes/logback-test.xml}
05:15:25,937 |-INFO in ch.qos.logback.classic.model.processor.ConfigurationModelHandlerFull - URLWatchList= {}
05:15:25,938 |-INFO in ch.qos.logback.core.model.processor.AppenderModelHandler - Processing appender named [STDOUT]
05:15:25,938 |-INFO in ch.qos.logback.core.model.processor.AppenderModelHandler - About to instantiate appender of type [ch.qos.logback.core.ConsoleAppender]
05:15:25,940 |-INFO in ch.qos.logback.core.model.processor.ImplicitModelHandler - Assuming default type [ch.qos.logback.classic.encoder.PatternLayoutEncoder] for [encoder] property
05:15:25,954 |-INFO in ch.qos.logback.core.ConsoleAppender[STDOUT] - NOTE: Writing to the console can be slow. Try to avoid logging to the 
05:15:25,954 |-INFO in ch.qos.logback.core.ConsoleAppender[STDOUT] - console in production environments, especially in high volume systems.
05:15:25,954 |-INFO in ch.qos.logback.core.ConsoleAppender[STDOUT] - See also https://logback.qos.ch/codes.html#slowConsole
05:15:25,955 |-INFO in ch.qos.logback.classic.model.processor.LevelModelHandler - ROOT level set to WARN
05:15:25,955 |-INFO in ch.qos.logback.core.model.processor.AppenderRefModelHandler - Attaching appender named [STDOUT] to Logger[ROOT]
05:15:25,955 |-INFO in ch.qos.logback.core.model.processor.DefaultProcessor@1cefc4b3 - End of configuration.
05:15:25,955 |-INFO in ch.qos.logback.classic.joran.JoranConfigurator@2b27cc70 - Registering current configuration as safe fallback point
05:15:25,956 |-INFO in ch.qos.logback.classic.util.ContextInitializer@3bb9efbc - ch.qos.logback.classic.util.DefaultJoranConfigurator.configure() call lasted 47 milliseconds. ExecutionStatus=DO_NOT_INVOKE_NEXT_IF_ANY

Loading theme dataset: PHARMA
Finished loading theme dataset: PHARMA in 00:00:00.254
Loading theme dataset: LIBRARY
Finished loading theme dataset: LIBRARY in 00:00:04.309
Join estimate within per-scenario sketch bound. left=PoKey[predicate=http://www.w3.org/1999/02/22-rdf-syntax-ns#type, object=http://example.com/theme/library/Copy], right=PoKey[predicate=http://example.com/theme/library/locatedAt, object=http://example.com/theme/library/branch/2], estimate=68752.0, actual=77331, error=0.11093869211571039
Join estimate within per-scenario sketch bound. left=PoKey[predicate=http://www.w3.org/1999/02/22-rdf-syntax-ns#type, object=http://example.com/theme/library/Copy], right=PoKey[predicate=http://example.com/theme/library/locatedAt, object=http://example.com/theme/library/branch/3], estimate=71837.0, actual=77326, error=0.07098517962910277
Join estimate within per-scenario sketch bound. left=PoKey[predicate=http://www.w3.org/1999/02/22-rdf-syntax-ns#type, object=http://example.com/theme/library/Copy], right=PoKey[predicate=http://example.com/theme/library/locatedAt, object=http://example.com/theme/library/branch/1], estimate=88930.0, actual=77295, error=0.150527200983246
Join estimate within per-scenario sketch bound. left=PoKey[predicate=http://www.w3.org/1999/02/22-rdf-syntax-ns#type, object=http://example.com/theme/library/Copy], right=PoKey[predicate=http://example.com/theme/library/locatedAt, object=http://example.com/theme/library/branch/4], estimate=61048.0, actual=77279, error=0.21003118570374876
Join estimate within per-scenario sketch bound. left=PoKey[predicate=http://www.w3.org/1999/02/22-rdf-syntax-ns#type, object=http://example.com/theme/library/Copy], right=PoKey[predicate=http://example.com/theme/library/locatedAt, object=http://example.com/theme/library/branch/0], estimate=81675.0, actual=77111, error=0.05918740516917172
[INFO] Tests run: 3, Failures: 0, Errors: 0, Skipped: 0, Time elapsed: 23.84 s -- in org.eclipse.rdf4j.sail.lmdb.SketchEstimatorThemeJoinAccuracyIT
[INFO] Running org.eclipse.rdf4j.sail.lmdb.LmdbSketchAwareFilterPlacementIT
WARNING: Final field namespace in class org.eclipse.rdf4j.model.base.InternedIRI has been mutated reflectively by class org.eclipse.rdf4j.model.base.InternedIRI in unnamed module @2053d869 (file:/Users/havardottestad/Documents/Programming/rdf4j-small-things/.m2_repo/org/eclipse/rdf4j/rdf4j-model-api/6.0.0-SNAPSHOT/rdf4j-model-api-6.0.0-SNAPSHOT.jar)
WARNING: Use --enable-final-field-mutation=ALL-UNNAMED to avoid a warning
WARNING: Mutating final fields will be blocked in a future release unless final field mutation is enabled
[WARNING] Tests run: 14, Failures: 0, Errors: 0, Skipped: 1, Time elapsed: 16.01 s -- in org.eclipse.rdf4j.sail.lmdb.LmdbSketchAwareFilterPlacementIT
[INFO] 
[INFO] Results:
[INFO] 
[WARNING] Tests run: 35, Failures: 0, Errors: 0, Skipped: 19
[INFO] 
[INFO] 
[INFO] --- failsafe:3.5.4:verify (verify) @ rdf4j-sail-lmdb ---
[INFO] 
[INFO] --- japicmp:0.18.3:cmp (default) @ rdf4j-sail-lmdb ---
[WARNING] The following artifacts could not be resolved: org.eclipse.rdf4j:rdf4j-sail-lmdb:jar:6.0.0 (absent): Cannot access central (https://repo.maven.apache.org/maven2) in offline mode and the artifact org.eclipse.rdf4j:rdf4j-sail-lmdb:jar:6.0.0 has not been downloaded from it before.
[WARNING] Could not resolve dependency with descriptor 'org.eclipse.rdf4j:rdf4j-sail-lmdb:6.0.0'.
[WARNING] Please provide at least one resolvable old version using one of the configuration elements <oldVersion/> or <oldVersions/>.
[INFO] Written file '/Users/havardottestad/Documents/Programming/rdf4j-small-things/core/sail/lmdb/target/japicmp/japicmp.diff'.
[INFO] Written file '/Users/havardottestad/Documents/Programming/rdf4j-small-things/core/sail/lmdb/target/japicmp/japicmp.xml'.
[INFO] Written file '/Users/havardottestad/Documents/Programming/rdf4j-small-things/core/sail/lmdb/target/japicmp/japicmp.html'.
[INFO] 
[INFO] --- spotless:2.34.0:check (spotless-check) @ rdf4j-sail-lmdb ---
[INFO] ------------------------------------------------------------------------
[INFO] BUILD SUCCESS
[INFO] ------------------------------------------------------------------------
[INFO] Total time:  50.892 s
[INFO] Finished at: 2026-05-31T05:16:06+02:00
[INFO] ------------------------------------------------------------------------
