Apache Maven 3.9.11 (3e54c93a704957b63ee3494413a2b544fd3d825b)
Maven home: /opt/homebrew/Cellar/maven/3.9.11/libexec
Java version: 26, vendor: Azul Systems, Inc., runtime: /Users/havardottestad/.sdkman/candidates/java/26-zulu/zulu-26.jdk/Contents/Home
Default locale: en_US, platform encoding: UTF-8
OS name: "mac os x", version: "26.1", arch: "aarch64", family: "mac"
WARNING: A terminally deprecated method in sun.misc.Unsafe has been called
WARNING: sun.misc.Unsafe::staticFieldBase has been called by com.google.inject.internal.aop.HiddenClassDefiner (file:/opt/homebrew/Cellar/maven/3.9.11/libexec/lib/guice-5.1.0-classes.jar)
WARNING: Please consider reporting this to the maintainers of class com.google.inject.internal.aop.HiddenClassDefiner
WARNING: sun.misc.Unsafe::staticFieldBase will be removed in a future release
WARNING: Final field _cipher in class org.sonatype.plexus.components.sec.dispatcher.DefaultSecDispatcher has been mutated reflectively by class org.eclipse.sisu.bean.BeanPropertyField in unnamed module @1d082e88 (file:/opt/homebrew/Cellar/maven/3.9.11/libexec/lib/org.eclipse.sisu.inject-0.9.0.M4.jar)
WARNING: Use --enable-final-field-mutation=ALL-UNNAMED to avoid a warning
WARNING: Mutating final fields will be blocked in a future release unless final field mutation is enabled
[INFO] Scanning for projects...
[INFO] 
[INFO] -----------------< org.eclipse.rdf4j:rdf4j-sail-lmdb >------------------
[INFO] Building RDF4J: LmdbStore 5.3.0-SNAPSHOT
[INFO]   from pom.xml
[INFO] --------------------------------[ jar ]---------------------------------
[INFO] 
[INFO] --- enforcer:3.4.1:enforce (enforce-maven-3) @ rdf4j-sail-lmdb ---
[INFO] Rule 0: org.apache.maven.enforcer.rules.version.RequireMavenVersion passed
[INFO] 
[INFO] --- enforcer:3.4.1:enforce (enforce-logging-dependencies) @ rdf4j-sail-lmdb ---
[INFO] Rule 0: org.apache.maven.enforcer.rules.dependency.BannedDependencies passed
[INFO] 
[INFO] --- enforcer:3.4.1:enforce (enforce-javaee-provided) @ rdf4j-sail-lmdb ---
[INFO] Rule 0: org.apache.maven.enforcer.rules.dependency.BannedDependencies passed
[INFO] 
[INFO] --- enforcer:3.4.1:enforce (enforce-ban-duplicate-classes) @ rdf4j-sail-lmdb ---
[INFO] Adding ignore: module-info
[INFO] Adding ignore: META-INF/versions/*/module-info
[INFO] Adding ignore: org.junit.*
[INFO] Adding ignore: org.slf4j.*
[INFO] Adding ignore: org.opentest4j.*
[INFO] Rule 0: org.apache.maven.plugins.enforcer.BanDuplicateClasses passed
[INFO] 
[INFO] --- resources:3.3.1:resources (default-resources) @ rdf4j-sail-lmdb ---
[INFO] Copying 1 resource from src/main/resources to target/classes
[INFO] 
[INFO] --- spotless:2.46.1:apply (spotless-apply) @ rdf4j-sail-lmdb ---
[WARNING] The POM for com.diffplug.spotless:spotless-eclipse-wtp:jar:3.23.0 is missing, no dependency information available
[WARNING] The POM for com.diffplug.spotless:spotless-eclipse-base:jar:3.5.2 is missing, no dependency information available
[WARNING] The POM for com.github.spotbugs:spotbugs-annotations:jar:4.0.2 is missing, no dependency information available
[WARNING] The POM for com.ibm.icu:icu4j:jar:67.1 is missing, no dependency information available
[WARNING] The POM for org.eclipse.emf:org.eclipse.emf.common:jar:2.23.0 is missing, no dependency information available
[WARNING] The POM for org.eclipse.emf:org.eclipse.emf.ecore:jar:2.25.0 is missing, no dependency information available
[WARNING] The POM for org.eclipse.emf:org.eclipse.xsd:jar:2.18.0 is missing, no dependency information available
[WARNING] The POM for org.eclipse.platform:org.eclipse.core.commands:jar:3.10.100 is missing, no dependency information available
[WARNING] The POM for org.eclipse.platform:org.eclipse.core.contenttype:jar:3.8.0 is missing, no dependency information available
[WARNING] The POM for org.eclipse.platform:org.eclipse.core.filebuffers:jar:3.7.0 is missing, no dependency information available
[WARNING] The POM for org.eclipse.platform:org.eclipse.core.filesystem:jar:1.9.100 is missing, no dependency information available
[WARNING] The POM for org.eclipse.platform:org.eclipse.core.jobs:jar:3.12.0 is missing, no dependency information available
[WARNING] The POM for org.eclipse.platform:org.eclipse.core.resources:jar:3.15.100 is missing, no dependency information available
[WARNING] The POM for org.eclipse.platform:org.eclipse.core.runtime:jar:3.23.0 is missing, no dependency information available
[WARNING] The POM for org.eclipse.platform:org.eclipse.equinox.app:jar:1.6.0 is missing, no dependency information available
[WARNING] The POM for org.eclipse.platform:org.eclipse.equinox.common:jar:3.15.0 is missing, no dependency information available
[WARNING] The POM for org.eclipse.platform:org.eclipse.equinox.preferences:jar:3.9.0 is missing, no dependency information available
[WARNING] The POM for org.eclipse.platform:org.eclipse.equinox.registry:jar:3.11.0 is missing, no dependency information available
[WARNING] The POM for org.eclipse.platform:org.eclipse.jface.text:jar:3.18.100 is missing, no dependency information available
[WARNING] The POM for org.eclipse.platform:org.eclipse.jface:jar:3.23.0 is missing, no dependency information available
[WARNING] The POM for org.eclipse.platform:org.eclipse.osgi.services:jar:3.10.200 is missing, no dependency information available
[WARNING] The POM for org.eclipse.platform:org.eclipse.osgi:jar:3.17.0 is missing, no dependency information available
[WARNING] The POM for org.eclipse.platform:org.eclipse.text:jar:3.12.0 is missing, no dependency information available
[INFO] ------------------------------------------------------------------------
[INFO] BUILD FAILURE
[INFO] ------------------------------------------------------------------------
[INFO] Total time:  1.714 s
[INFO] Finished at: 2026-04-13T14:31:24+02:00
[INFO] ------------------------------------------------------------------------
[ERROR] Failed to execute goal com.diffplug.spotless:spotless-maven-plugin:2.46.1:apply (spotless-apply) on project rdf4j-sail-lmdb: Execution spotless-apply of goal com.diffplug.spotless:spotless-maven-plugin:2.46.1:apply failed: Unable to resolve dependencies: The following artifacts could not be resolved: com.diffplug.spotless:spotless-eclipse-wtp:jar:3.23.0 (absent), com.diffplug.spotless:spotless-eclipse-base:jar:3.5.2 (absent), com.github.spotbugs:spotbugs-annotations:jar:4.0.2 (absent), com.ibm.icu:icu4j:jar:67.1 (absent), net.jcip:jcip-annotations:jar:1.0 (absent), org.eclipse.emf:org.eclipse.emf.common:jar:2.23.0 (absent), org.eclipse.emf:org.eclipse.emf.ecore:jar:2.25.0 (absent), org.eclipse.emf:org.eclipse.xsd:jar:2.18.0 (absent), org.eclipse.platform:org.eclipse.core.commands:jar:3.10.100 (absent), org.eclipse.platform:org.eclipse.core.contenttype:jar:3.8.0 (absent), org.eclipse.platform:org.eclipse.core.filebuffers:jar:3.7.0 (absent), org.eclipse.platform:org.eclipse.core.filesystem:jar:1.9.100 (absent), org.eclipse.platform:org.eclipse.core.jobs:jar:3.12.0 (absent), org.eclipse.platform:org.eclipse.core.resources:jar:3.15.100 (absent), org.eclipse.platform:org.eclipse.core.runtime:jar:3.23.0 (absent), org.eclipse.platform:org.eclipse.equinox.app:jar:1.6.0 (absent), org.eclipse.platform:org.eclipse.equinox.common:jar:3.15.0 (absent), org.eclipse.platform:org.eclipse.equinox.preferences:jar:3.9.0 (absent), org.eclipse.platform:org.eclipse.equinox.registry:jar:3.11.0 (absent), org.eclipse.platform:org.eclipse.jface.text:jar:3.18.100 (absent), org.eclipse.platform:org.eclipse.jface:jar:3.23.0 (absent), org.eclipse.platform:org.eclipse.osgi.services:jar:3.10.200 (absent), org.eclipse.platform:org.eclipse.osgi:jar:3.17.0 (absent), org.eclipse.platform:org.eclipse.text:jar:3.12.0 (absent): Cannot access central (https://repo.maven.apache.org/maven2) in offline mode and the artifact com.diffplug.spotless:spotless-eclipse-wtp:jar:3.23.0 has not been downloaded from it before. -> [Help 1]
[ERROR] 
[ERROR] To see the full stack trace of the errors, re-run Maven with the -e switch.
[ERROR] Re-run Maven using the -X switch to enable full debug logging.
[ERROR] 
[ERROR] For more information about the errors and possible solutions, please read the following articles:
[ERROR] [Help 1] http://cwiki.apache.org/confluence/display/MAVEN/PluginExecutionException
