WARNING: A terminally deprecated method in sun.misc.Unsafe has been called
WARNING: sun.misc.Unsafe::objectFieldOffset has been called by org.openjdk.jmh.util.Utils (file:/Users/havardottestad/Documents/Programming/rdf4j/core/sail/lmdb/target/jmh-benchmarks.jar)
WARNING: Please consider reporting this to the maintainers of class org.openjdk.jmh.util.Utils
WARNING: sun.misc.Unsafe::objectFieldOffset will be removed in a future release
# JMH version: 1.37
# VM version: JDK 26, OpenJDK 64-Bit Server VM, 26+35
# VM invoker: /Users/havardottestad/.sdkman/candidates/java/26-zulu/zulu-26.jdk/Contents/Home/bin/java
# VM options: -Xms2G -Xmx2G -XX:+UseG1GC -Xms2G -Xmx2G -XX:+UseG1GC
# Blackhole mode: compiler (auto-detected, use -Djmh.blackhole.autoDetect=false to disable)
# Warmup: 5 iterations, 1 s each
# Measurement: 5 iterations, 1 s each
# Timeout: 10 min per iteration
# Threads: 1 thread, will synchronize iterations
# Benchmark mode: Average time, time/op
# Benchmark: org.eclipse.rdf4j.sail.lmdb.benchmark.DatagovLoadIsolationBenchmark.loadDatagovFileSingleTransaction
# Parameters: (automaticEvaluationStrategy = false, isolationLevel = NONE)

# Run progress: 0.00% complete, ETA 00:00:20
# Fork: 1 of 1
WARNING: A terminally deprecated method in sun.misc.Unsafe has been called
WARNING: sun.misc.Unsafe::objectFieldOffset has been called by org.openjdk.jmh.util.Utils (file:/Users/havardottestad/Documents/Programming/rdf4j/core/sail/lmdb/target/jmh-benchmarks.jar)
WARNING: Please consider reporting this to the maintainers of class org.openjdk.jmh.util.Utils
WARNING: sun.misc.Unsafe::objectFieldOffset will be removed in a future release
# Warmup Iteration   1: 00:32:10,780 |-INFO in ch.qos.logback.classic.LoggerContext[default] - Found logback-core version 1.5.37
00:32:10,780 |-INFO in ch.qos.logback.classic.util.ContextInitializer@30ca471e - No custom configurators were discovered as a service.
00:32:10,781 |-INFO in ch.qos.logback.classic.util.ContextInitializer@30ca471e - Trying to configure with ch.qos.logback.classic.util.DefaultJoranConfigurator
00:32:10,781 |-INFO in ch.qos.logback.classic.util.ContextInitializer@30ca471e - Constructed configurator of type class ch.qos.logback.classic.util.DefaultJoranConfigurator
00:32:10,781 |-INFO in ch.qos.logback.classic.LoggerContext[default] - Found resource [logback-test.xml] at [jar:file:/Users/havardottestad/Documents/Programming/rdf4j/core/sail/lmdb/target/jmh-benchmarks.jar!/logback-test.xml]
00:32:10,799 |-WARN in ch.qos.logback.classic.joran.action.LevelAction - <level> element is deprecated. Near [level] on line 9
00:32:10,799 |-WARN in ch.qos.logback.classic.joran.action.LevelAction - Please use "level" attribute within <logger> or <root> elements instead.
00:32:10,816 |-INFO in ch.qos.logback.classic.model.processor.ConfigurationModelHandlerFull - Scan attribute not set or set to unrecognized value.
00:32:10,817 |-INFO in ch.qos.logback.core.model.processor.AppenderModelHandler - Processing appender named [STDOUT]
00:32:10,817 |-INFO in ch.qos.logback.core.model.processor.AppenderModelHandler - About to instantiate appender of type [ch.qos.logback.core.ConsoleAppender]
00:32:10,819 |-INFO in ch.qos.logback.core.model.processor.ImplicitModelHandler - Assuming default type [ch.qos.logback.classic.encoder.PatternLayoutEncoder] for [encoder] property
00:32:10,834 |-INFO in ch.qos.logback.core.ConsoleAppender[STDOUT] - NOTE: Writing to the console can be slow. Try to avoid logging to the
00:32:10,834 |-INFO in ch.qos.logback.core.ConsoleAppender[STDOUT] - console in production environments, especially in high volume systems.
00:32:10,834 |-INFO in ch.qos.logback.core.ConsoleAppender[STDOUT] - See also https://logback.qos.ch/codes.html#slowConsole
00:32:10,834 |-INFO in ch.qos.logback.classic.model.processor.LevelModelHandler - ROOT level set to WARN
00:32:10,835 |-INFO in ch.qos.logback.core.model.processor.AppenderRefModelHandler - Attaching appender named [STDOUT] to Logger[ROOT]
00:32:10,835 |-INFO in ch.qos.logback.core.model.processor.DefaultProcessor@7b0b69c7 - End of configuration.
00:32:10,835 |-INFO in ch.qos.logback.classic.joran.JoranConfigurator@7755e504 - Registering current configuration as safe fallback point
00:32:10,836 |-INFO in ch.qos.logback.classic.util.ContextInitializer@30ca471e - ch.qos.logback.classic.util.DefaultJoranConfigurator.configure() call lasted 54 milliseconds. ExecutionStatus=DO_NOT_INVOKE_NEXT_IF_ANY

WARNING: A restricted method in java.lang.System has been called
WARNING: java.lang.System::load has been called by org.lwjgl.system.Library$$Lambda/0x00000fe001142d18 in an unnamed module (file:/Users/havardottestad/Documents/Programming/rdf4j/core/sail/lmdb/target/jmh-benchmarks.jar)
WARNING: Use --enable-native-access=ALL-UNNAMED to avoid a warning for callers in this module
WARNING: Restricted methods will be blocked in a future release unless native access is enabled

847.227 ms/op
# Warmup Iteration   2: 763.174 ms/op
# Warmup Iteration   3: 771.432 ms/op
# Warmup Iteration   4: 754.915 ms/op
# Warmup Iteration   5: 752.825 ms/op
Iteration   1: 769.972 ms/op
                 gc.alloc.rate:      447.076 MB/sec
                 gc.alloc.rate.norm: 365184832.000 B/op
                 gc.count:           1.000 counts
                 gc.time:            2.000 ms

Iteration   2: 763.435 ms/op
                 gc.alloc.rate:      448.861 MB/sec
                 gc.alloc.rate.norm: 365164472.000 B/op
                 gc.count:           ≈ 0 counts

Iteration   3: 754.841 ms/op
                 gc.alloc.rate:      457.327 MB/sec
                 gc.alloc.rate.norm: 365191876.000 B/op
                 gc.count:           1.000 counts
                 gc.time:            1.000 ms

Iteration   4: 759.327 ms/op
                 gc.alloc.rate:      454.509 MB/sec
                 gc.alloc.rate.norm: 365217456.000 B/op
                 gc.count:           ≈ 0 counts

Iteration   5: 739.638 ms/op
                 gc.alloc.rate:      466.759 MB/sec
                 gc.alloc.rate.norm: 365166412.000 B/op
                 gc.count:           1.000 counts
                 gc.time:            2.000 ms



Result "org.eclipse.rdf4j.sail.lmdb.benchmark.DatagovLoadIsolationBenchmark.loadDatagovFileSingleTransaction":
  757.442 ±(99.9%) 43.914 ms/op [Average]
  (min, avg, max) = (739.638, 757.442, 769.972), stdev = 11.404
  CI (99.9%): [713.528, 801.357] (assumes normal distribution)

Secondary result "org.eclipse.rdf4j.sail.lmdb.benchmark.DatagovLoadIsolationBenchmark.loadDatagovFileSingleTransaction:gc.alloc.rate":
  454.907 ±(99.9%) 30.096 MB/sec [Average]
  (min, avg, max) = (447.076, 454.907, 466.759), stdev = 7.816
  CI (99.9%): [424.810, 485.003] (assumes normal distribution)

Secondary result "org.eclipse.rdf4j.sail.lmdb.benchmark.DatagovLoadIsolationBenchmark.loadDatagovFileSingleTransaction:gc.alloc.rate.norm":
  365185009.600 ±(99.9%) 83204.468 B/op [Average]
  (min, avg, max) = (365164472.000, 365185009.600, 365217456.000), stdev = 21607.936
  CI (99.9%): [365101805.132, 365268214.068] (assumes normal distribution)

Secondary result "org.eclipse.rdf4j.sail.lmdb.benchmark.DatagovLoadIsolationBenchmark.loadDatagovFileSingleTransaction:gc.count":
  3.000 ±(99.9%) 0.001 counts [Sum]
  (min, avg, max) = (≈ 0, 0.600, 1.000), stdev = 0.548
  CI (99.9%): [3.000, 3.000] (assumes normal distribution)

Secondary result "org.eclipse.rdf4j.sail.lmdb.benchmark.DatagovLoadIsolationBenchmark.loadDatagovFileSingleTransaction:gc.time":
  5.000 ±(99.9%) 0.001 ms [Sum]
  (min, avg, max) = (≈ 0, 1.000, 2.000), stdev = 1.000
  CI (99.9%): [5.000, 5.000] (assumes normal distribution)


# JMH version: 1.37
# VM version: JDK 26, OpenJDK 64-Bit Server VM, 26+35
# VM invoker: /Users/havardottestad/.sdkman/candidates/java/26-zulu/zulu-26.jdk/Contents/Home/bin/java
# VM options: -Xms2G -Xmx2G -XX:+UseG1GC -Xms2G -Xmx2G -XX:+UseG1GC
# Blackhole mode: compiler (auto-detected, use -Djmh.blackhole.autoDetect=false to disable)
# Warmup: 5 iterations, 1 s each
# Measurement: 5 iterations, 1 s each
# Timeout: 10 min per iteration
# Threads: 1 thread, will synchronize iterations
# Benchmark mode: Average time, time/op
# Benchmark: org.eclipse.rdf4j.sail.lmdb.benchmark.DatagovLoadIsolationBenchmark.loadDatagovFileSingleTransaction
# Parameters: (automaticEvaluationStrategy = false, isolationLevel = READ_COMMITTED)

# Run progress: 50.00% complete, ETA 00:00:17
# Fork: 1 of 1
WARNING: A terminally deprecated method in sun.misc.Unsafe has been called
WARNING: sun.misc.Unsafe::objectFieldOffset has been called by org.openjdk.jmh.util.Utils (file:/Users/havardottestad/Documents/Programming/rdf4j/core/sail/lmdb/target/jmh-benchmarks.jar)
WARNING: Please consider reporting this to the maintainers of class org.openjdk.jmh.util.Utils
WARNING: sun.misc.Unsafe::objectFieldOffset will be removed in a future release
# Warmup Iteration   1: 00:32:28,661 |-INFO in ch.qos.logback.classic.LoggerContext[default] - Found logback-core version 1.5.37
00:32:28,662 |-INFO in ch.qos.logback.classic.util.ContextInitializer@30ca471e - No custom configurators were discovered as a service.
00:32:28,662 |-INFO in ch.qos.logback.classic.util.ContextInitializer@30ca471e - Trying to configure with ch.qos.logback.classic.util.DefaultJoranConfigurator
00:32:28,662 |-INFO in ch.qos.logback.classic.util.ContextInitializer@30ca471e - Constructed configurator of type class ch.qos.logback.classic.util.DefaultJoranConfigurator
00:32:28,662 |-INFO in ch.qos.logback.classic.LoggerContext[default] - Found resource [logback-test.xml] at [jar:file:/Users/havardottestad/Documents/Programming/rdf4j/core/sail/lmdb/target/jmh-benchmarks.jar!/logback-test.xml]
00:32:28,680 |-WARN in ch.qos.logback.classic.joran.action.LevelAction - <level> element is deprecated. Near [level] on line 9
00:32:28,680 |-WARN in ch.qos.logback.classic.joran.action.LevelAction - Please use "level" attribute within <logger> or <root> elements instead.
00:32:28,696 |-INFO in ch.qos.logback.classic.model.processor.ConfigurationModelHandlerFull - Scan attribute not set or set to unrecognized value.
00:32:28,697 |-INFO in ch.qos.logback.core.model.processor.AppenderModelHandler - Processing appender named [STDOUT]
00:32:28,697 |-INFO in ch.qos.logback.core.model.processor.AppenderModelHandler - About to instantiate appender of type [ch.qos.logback.core.ConsoleAppender]
00:32:28,699 |-INFO in ch.qos.logback.core.model.processor.ImplicitModelHandler - Assuming default type [ch.qos.logback.classic.encoder.PatternLayoutEncoder] for [encoder] property
00:32:28,714 |-INFO in ch.qos.logback.core.ConsoleAppender[STDOUT] - NOTE: Writing to the console can be slow. Try to avoid logging to the
00:32:28,714 |-INFO in ch.qos.logback.core.ConsoleAppender[STDOUT] - console in production environments, especially in high volume systems.
00:32:28,714 |-INFO in ch.qos.logback.core.ConsoleAppender[STDOUT] - See also https://logback.qos.ch/codes.html#slowConsole
00:32:28,714 |-INFO in ch.qos.logback.classic.model.processor.LevelModelHandler - ROOT level set to WARN
00:32:28,714 |-INFO in ch.qos.logback.core.model.processor.AppenderRefModelHandler - Attaching appender named [STDOUT] to Logger[ROOT]
00:32:28,714 |-INFO in ch.qos.logback.core.model.processor.DefaultProcessor@7b0b69c7 - End of configuration.
00:32:28,714 |-INFO in ch.qos.logback.classic.joran.JoranConfigurator@7755e504 - Registering current configuration as safe fallback point
00:32:28,715 |-INFO in ch.qos.logback.classic.util.ContextInitializer@30ca471e - ch.qos.logback.classic.util.DefaultJoranConfigurator.configure() call lasted 53 milliseconds. ExecutionStatus=DO_NOT_INVOKE_NEXT_IF_ANY

WARNING: A restricted method in java.lang.System has been called
WARNING: java.lang.System::load has been called by org.lwjgl.system.Library$$Lambda/0x0000780001142d18 in an unnamed module (file:/Users/havardottestad/Documents/Programming/rdf4j/core/sail/lmdb/target/jmh-benchmarks.jar)
WARNING: Use --enable-native-access=ALL-UNNAMED to avoid a warning for callers in this module
WARNING: Restricted methods will be blocked in a future release unless native access is enabled

1003.430 ms/op
# Warmup Iteration   2: 796.149 ms/op
# Warmup Iteration   3: 765.882 ms/op
# Warmup Iteration   4: 788.243 ms/op
# Warmup Iteration   5: 766.640 ms/op
Iteration   1: 792.821 ms/op
                 gc.alloc.rate:      573.493 MB/sec
                 gc.alloc.rate.norm: 479507432.000 B/op
                 gc.count:           1.000 counts
                 gc.time:            16.000 ms

Iteration   2: 776.376 ms/op
                 gc.alloc.rate:      575.252 MB/sec
                 gc.alloc.rate.norm: 471095700.000 B/op
                 gc.count:           1.000 counts
                 gc.time:            14.000 ms

Iteration   3: 785.576 ms/op
                 gc.alloc.rate:      573.668 MB/sec
                 gc.alloc.rate.norm: 475285616.000 B/op
                 gc.count:           ≈ 0 counts

Iteration   4: 795.989 ms/op
                 gc.alloc.rate:      566.786 MB/sec
                 gc.alloc.rate.norm: 475386044.000 B/op
                 gc.count:           1.000 counts
                 gc.time:            12.000 ms

Iteration   5: 779.494 ms/op
                 gc.alloc.rate:      573.203 MB/sec
                 gc.alloc.rate.norm: 471171764.000 B/op
                 gc.count:           1.000 counts
                 gc.time:            14.000 ms



Result "org.eclipse.rdf4j.sail.lmdb.benchmark.DatagovLoadIsolationBenchmark.loadDatagovFileSingleTransaction":
  786.051 ±(99.9%) 32.299 ms/op [Average]
  (min, avg, max) = (776.376, 786.051, 795.989), stdev = 8.388
  CI (99.9%): [753.752, 818.350] (assumes normal distribution)

Secondary result "org.eclipse.rdf4j.sail.lmdb.benchmark.DatagovLoadIsolationBenchmark.loadDatagovFileSingleTransaction:gc.alloc.rate":
  572.481 ±(99.9%) 12.635 MB/sec [Average]
  (min, avg, max) = (566.786, 572.481, 575.252), stdev = 3.281
  CI (99.9%): [559.845, 585.116] (assumes normal distribution)

Secondary result "org.eclipse.rdf4j.sail.lmdb.benchmark.DatagovLoadIsolationBenchmark.loadDatagovFileSingleTransaction:gc.alloc.rate.norm":
  474489311.200 ±(99.9%) 13496834.327 B/op [Average]
  (min, avg, max) = (471095700.000, 474489311.200, 479507432.000), stdev = 3505085.014
  CI (99.9%): [460992476.873, 487986145.527] (assumes normal distribution)

Secondary result "org.eclipse.rdf4j.sail.lmdb.benchmark.DatagovLoadIsolationBenchmark.loadDatagovFileSingleTransaction:gc.count":
  4.000 ±(99.9%) 0.001 counts [Sum]
  (min, avg, max) = (≈ 0, 0.800, 1.000), stdev = 0.447
  CI (99.9%): [4.000, 4.000] (assumes normal distribution)

Secondary result "org.eclipse.rdf4j.sail.lmdb.benchmark.DatagovLoadIsolationBenchmark.loadDatagovFileSingleTransaction:gc.time":
  56.000 ±(99.9%) 0.001 ms [Sum]
  (min, avg, max) = (≈ 0, 11.200, 16.000), stdev = 6.419
  CI (99.9%): [56.000, 56.000] (assumes normal distribution)


# Run complete. Total time: 00:00:35

REMEMBER: The numbers below are just data. To gain reusable insights, you need to follow up on
why the numbers are the way they are. Use profilers (see -prof, -lprof), design factorial
experiments, perform baseline and negative tests that provide experimental control, make sure
the benchmarking environment is safe on JVM/OS/HW level, ask for reviews from the domain experts.
Do not assume the numbers tell you what you want them to tell.

NOTE: Current JVM experimentally supports Compiler Blackholes, and they are in use. Please exercise
extra caution when trusting the results, look into the generated code to check the benchmark still
works, and factor in a small probability of new VM bugs. Additionally, while comparisons between
different JVMs are already problematic, the performance difference caused by different Blackhole
modes can be very significant. Please make sure you use the consistent Blackhole mode for comparisons.

Benchmark                                                                          (automaticEvaluationStrategy)  (isolationLevel)  Mode  Cnt          Score          Error   Units
DatagovLoadIsolationBenchmark.loadDatagovFileSingleTransaction                                             false              NONE  avgt    5        757.442 ±       43.914   ms/op
DatagovLoadIsolationBenchmark.loadDatagovFileSingleTransaction:gc.alloc.rate                               false              NONE  avgt    5        454.907 ±       30.096  MB/sec
DatagovLoadIsolationBenchmark.loadDatagovFileSingleTransaction:gc.alloc.rate.norm                          false              NONE  avgt    5  365185009.600 ±    83204.468    B/op
DatagovLoadIsolationBenchmark.loadDatagovFileSingleTransaction:gc.count                                    false              NONE  avgt    5          3.000                 counts
DatagovLoadIsolationBenchmark.loadDatagovFileSingleTransaction:gc.time                                     false              NONE  avgt    5          5.000                     ms
DatagovLoadIsolationBenchmark.loadDatagovFileSingleTransaction                                             false    READ_COMMITTED  avgt    5        786.051 ±       32.299   ms/op
DatagovLoadIsolationBenchmark.loadDatagovFileSingleTransaction:gc.alloc.rate                               false    READ_COMMITTED  avgt    5        572.481 ±       12.635  MB/sec
DatagovLoadIsolationBenchmark.loadDatagovFileSingleTransaction:gc.alloc.rate.norm                          false    READ_COMMITTED  avgt    5  474489311.200 ± 13496834.327    B/op
DatagovLoadIsolationBenchmark.loadDatagovFileSingleTransaction:gc.count                                    false    READ_COMMITTED  avgt    5          4.000                 counts
DatagovLoadIsolationBenchmark.loadDatagovFileSingleTransaction:gc.time                                     false    READ_COMMITTED  avgt    5         56.000                     ms

Benchmark result is saved to profiles/lmdb-load-10x/baseline-macos/run-2.json
