WARNING: A terminally deprecated method in sun.misc.Unsafe has been called
WARNING: sun.misc.Unsafe::objectFieldOffset has been called by org.openjdk.jmh.util.Utils (file:/Users/havardottestad/Documents/Programming/rdf4j/core/sail/lmdb/target/jmh-benchmarks.jar)
WARNING: Please consider reporting this to the maintainers of class org.openjdk.jmh.util.Utils
WARNING: sun.misc.Unsafe::objectFieldOffset will be removed in a future release
# JMH version: 1.37
# VM version: JDK 26, OpenJDK 64-Bit Server VM, 26+35
# VM invoker: /Users/havardottestad/.sdkman/candidates/java/26-zulu/zulu-26.jdk/Contents/Home/bin/java
# VM options: -Xms2G -Xmx2G -XX:+UseG1GC -Xms2G -Xmx2G -XX:+UseG1GC
# Blackhole mode: compiler (auto-detected, use -Djmh.blackhole.autoDetect=false to disable)
# Warmup: 5 iterations, 1 s each
# Measurement: 5 iterations, 1 s each
# Timeout: 10 min per iteration
# Threads: 1 thread, will synchronize iterations
# Benchmark mode: Average time, time/op
# Benchmark: org.eclipse.rdf4j.sail.lmdb.benchmark.DatagovLoadIsolationBenchmark.loadDatagovFileSingleTransaction
# Parameters: (automaticEvaluationStrategy = false, isolationLevel = NONE)

# Run progress: 0.00% complete, ETA 00:00:20
# Fork: 1 of 1
WARNING: A terminally deprecated method in sun.misc.Unsafe has been called
WARNING: sun.misc.Unsafe::objectFieldOffset has been called by org.openjdk.jmh.util.Utils (file:/Users/havardottestad/Documents/Programming/rdf4j/core/sail/lmdb/target/jmh-benchmarks.jar)
WARNING: Please consider reporting this to the maintainers of class org.openjdk.jmh.util.Utils
WARNING: sun.misc.Unsafe::objectFieldOffset will be removed in a future release
# Warmup Iteration   1: 00:31:11,547 |-INFO in ch.qos.logback.classic.LoggerContext[default] - Found logback-core version 1.5.37
00:31:11,548 |-INFO in ch.qos.logback.classic.util.ContextInitializer@30ca471e - No custom configurators were discovered as a service.
00:31:11,548 |-INFO in ch.qos.logback.classic.util.ContextInitializer@30ca471e - Trying to configure with ch.qos.logback.classic.util.DefaultJoranConfigurator
00:31:11,549 |-INFO in ch.qos.logback.classic.util.ContextInitializer@30ca471e - Constructed configurator of type class ch.qos.logback.classic.util.DefaultJoranConfigurator
00:31:11,549 |-INFO in ch.qos.logback.classic.LoggerContext[default] - Found resource [logback-test.xml] at [jar:file:/Users/havardottestad/Documents/Programming/rdf4j/core/sail/lmdb/target/jmh-benchmarks.jar!/logback-test.xml]
00:31:11,573 |-WARN in ch.qos.logback.classic.joran.action.LevelAction - <level> element is deprecated. Near [level] on line 9
00:31:11,573 |-WARN in ch.qos.logback.classic.joran.action.LevelAction - Please use "level" attribute within <logger> or <root> elements instead.
00:31:11,593 |-INFO in ch.qos.logback.classic.model.processor.ConfigurationModelHandlerFull - Scan attribute not set or set to unrecognized value.
00:31:11,594 |-INFO in ch.qos.logback.core.model.processor.AppenderModelHandler - Processing appender named [STDOUT]
00:31:11,594 |-INFO in ch.qos.logback.core.model.processor.AppenderModelHandler - About to instantiate appender of type [ch.qos.logback.core.ConsoleAppender]
00:31:11,596 |-INFO in ch.qos.logback.core.model.processor.ImplicitModelHandler - Assuming default type [ch.qos.logback.classic.encoder.PatternLayoutEncoder] for [encoder] property
00:31:11,614 |-INFO in ch.qos.logback.core.ConsoleAppender[STDOUT] - NOTE: Writing to the console can be slow. Try to avoid logging to the
00:31:11,614 |-INFO in ch.qos.logback.core.ConsoleAppender[STDOUT] - console in production environments, especially in high volume systems.
00:31:11,614 |-INFO in ch.qos.logback.core.ConsoleAppender[STDOUT] - See also https://logback.qos.ch/codes.html#slowConsole
00:31:11,614 |-INFO in ch.qos.logback.classic.model.processor.LevelModelHandler - ROOT level set to WARN
00:31:11,614 |-INFO in ch.qos.logback.core.model.processor.AppenderRefModelHandler - Attaching appender named [STDOUT] to Logger[ROOT]
00:31:11,614 |-INFO in ch.qos.logback.core.model.processor.DefaultProcessor@7b0b69c7 - End of configuration.
00:31:11,615 |-INFO in ch.qos.logback.classic.joran.JoranConfigurator@7755e504 - Registering current configuration as safe fallback point
00:31:11,616 |-INFO in ch.qos.logback.classic.util.ContextInitializer@30ca471e - ch.qos.logback.classic.util.DefaultJoranConfigurator.configure() call lasted 66 milliseconds. ExecutionStatus=DO_NOT_INVOKE_NEXT_IF_ANY

WARNING: A restricted method in java.lang.System has been called
WARNING: java.lang.System::load has been called by org.lwjgl.system.Library$$Lambda/0x000000e001142d18 in an unnamed module (file:/Users/havardottestad/Documents/Programming/rdf4j/core/sail/lmdb/target/jmh-benchmarks.jar)
WARNING: Use --enable-native-access=ALL-UNNAMED to avoid a warning for callers in this module
WARNING: Restricted methods will be blocked in a future release unless native access is enabled

1005.714 ms/op
# Warmup Iteration   2: 811.299 ms/op
# Warmup Iteration   3: 811.226 ms/op
# Warmup Iteration   4: 790.661 ms/op
# Warmup Iteration   5: 789.384 ms/op
Iteration   1: 810.833 ms/op
                 gc.alloc.rate:      409.536 MB/sec
                 gc.alloc.rate.norm: 351703624.000 B/op
                 gc.count:           ≈ 0 counts

Iteration   2: 803.587 ms/op
                 gc.alloc.rate:      413.415 MB/sec
                 gc.alloc.rate.norm: 351715620.000 B/op
                 gc.count:           1.000 counts
                 gc.time:            1.000 ms

Iteration   3: 798.187 ms/op
                 gc.alloc.rate:      416.267 MB/sec
                 gc.alloc.rate.norm: 351704972.000 B/op
                 gc.count:           ≈ 0 counts

Iteration   4: 800.341 ms/op
                 gc.alloc.rate:      415.139 MB/sec
                 gc.alloc.rate.norm: 351716772.000 B/op
                 gc.count:           1.000 counts
                 gc.time:            2.000 ms

Iteration   5: 809.565 ms/op
                 gc.alloc.rate:      410.522 MB/sec
                 gc.alloc.rate.norm: 351730312.000 B/op
                 gc.count:           ≈ 0 counts



Result "org.eclipse.rdf4j.sail.lmdb.benchmark.DatagovLoadIsolationBenchmark.loadDatagovFileSingleTransaction":
  804.502 ±(99.9%) 21.417 ms/op [Average]
  (min, avg, max) = (798.187, 804.502, 810.833), stdev = 5.562
  CI (99.9%): [783.085, 825.919] (assumes normal distribution)

Secondary result "org.eclipse.rdf4j.sail.lmdb.benchmark.DatagovLoadIsolationBenchmark.loadDatagovFileSingleTransaction:gc.alloc.rate":
  412.976 ±(99.9%) 11.154 MB/sec [Average]
  (min, avg, max) = (409.536, 412.976, 416.267), stdev = 2.897
  CI (99.9%): [401.822, 424.129] (assumes normal distribution)

Secondary result "org.eclipse.rdf4j.sail.lmdb.benchmark.DatagovLoadIsolationBenchmark.loadDatagovFileSingleTransaction:gc.alloc.rate.norm":
  351714260.000 ±(99.9%) 41527.097 B/op [Average]
  (min, avg, max) = (351703624.000, 351714260.000, 351730312.000), stdev = 10784.455
  CI (99.9%): [351672732.903, 351755787.097] (assumes normal distribution)

Secondary result "org.eclipse.rdf4j.sail.lmdb.benchmark.DatagovLoadIsolationBenchmark.loadDatagovFileSingleTransaction:gc.count":
  2.000 ±(99.9%) 0.001 counts [Sum]
  (min, avg, max) = (≈ 0, 0.400, 1.000), stdev = 0.548
  CI (99.9%): [2.000, 2.000] (assumes normal distribution)

Secondary result "org.eclipse.rdf4j.sail.lmdb.benchmark.DatagovLoadIsolationBenchmark.loadDatagovFileSingleTransaction:gc.time":
  3.000 ±(99.9%) 0.001 ms [Sum]
  (min, avg, max) = (≈ 0, 0.600, 2.000), stdev = 0.894
  CI (99.9%): [3.000, 3.000] (assumes normal distribution)


# JMH version: 1.37
# VM version: JDK 26, OpenJDK 64-Bit Server VM, 26+35
# VM invoker: /Users/havardottestad/.sdkman/candidates/java/26-zulu/zulu-26.jdk/Contents/Home/bin/java
# VM options: -Xms2G -Xmx2G -XX:+UseG1GC -Xms2G -Xmx2G -XX:+UseG1GC
# Blackhole mode: compiler (auto-detected, use -Djmh.blackhole.autoDetect=false to disable)
# Warmup: 5 iterations, 1 s each
# Measurement: 5 iterations, 1 s each
# Timeout: 10 min per iteration
# Threads: 1 thread, will synchronize iterations
# Benchmark mode: Average time, time/op
# Benchmark: org.eclipse.rdf4j.sail.lmdb.benchmark.DatagovLoadIsolationBenchmark.loadDatagovFileSingleTransaction
# Parameters: (automaticEvaluationStrategy = false, isolationLevel = READ_COMMITTED)

# Run progress: 50.00% complete, ETA 00:00:18
# Fork: 1 of 1
WARNING: A terminally deprecated method in sun.misc.Unsafe has been called
WARNING: sun.misc.Unsafe::objectFieldOffset has been called by org.openjdk.jmh.util.Utils (file:/Users/havardottestad/Documents/Programming/rdf4j/core/sail/lmdb/target/jmh-benchmarks.jar)
WARNING: Please consider reporting this to the maintainers of class org.openjdk.jmh.util.Utils
WARNING: sun.misc.Unsafe::objectFieldOffset will be removed in a future release
# Warmup Iteration   1: 00:31:29,551 |-INFO in ch.qos.logback.classic.LoggerContext[default] - Found logback-core version 1.5.37
00:31:29,551 |-INFO in ch.qos.logback.classic.util.ContextInitializer@30ca471e - No custom configurators were discovered as a service.
00:31:29,552 |-INFO in ch.qos.logback.classic.util.ContextInitializer@30ca471e - Trying to configure with ch.qos.logback.classic.util.DefaultJoranConfigurator
00:31:29,552 |-INFO in ch.qos.logback.classic.util.ContextInitializer@30ca471e - Constructed configurator of type class ch.qos.logback.classic.util.DefaultJoranConfigurator
00:31:29,552 |-INFO in ch.qos.logback.classic.LoggerContext[default] - Found resource [logback-test.xml] at [jar:file:/Users/havardottestad/Documents/Programming/rdf4j/core/sail/lmdb/target/jmh-benchmarks.jar!/logback-test.xml]
00:31:29,574 |-WARN in ch.qos.logback.classic.joran.action.LevelAction - <level> element is deprecated. Near [level] on line 9
00:31:29,574 |-WARN in ch.qos.logback.classic.joran.action.LevelAction - Please use "level" attribute within <logger> or <root> elements instead.
00:31:29,592 |-INFO in ch.qos.logback.classic.model.processor.ConfigurationModelHandlerFull - Scan attribute not set or set to unrecognized value.
00:31:29,593 |-INFO in ch.qos.logback.core.model.processor.AppenderModelHandler - Processing appender named [STDOUT]
00:31:29,594 |-INFO in ch.qos.logback.core.model.processor.AppenderModelHandler - About to instantiate appender of type [ch.qos.logback.core.ConsoleAppender]
00:31:29,596 |-INFO in ch.qos.logback.core.model.processor.ImplicitModelHandler - Assuming default type [ch.qos.logback.classic.encoder.PatternLayoutEncoder] for [encoder] property
00:31:29,613 |-INFO in ch.qos.logback.core.ConsoleAppender[STDOUT] - NOTE: Writing to the console can be slow. Try to avoid logging to the
00:31:29,613 |-INFO in ch.qos.logback.core.ConsoleAppender[STDOUT] - console in production environments, especially in high volume systems.
00:31:29,613 |-INFO in ch.qos.logback.core.ConsoleAppender[STDOUT] - See also https://logback.qos.ch/codes.html#slowConsole
00:31:29,613 |-INFO in ch.qos.logback.classic.model.processor.LevelModelHandler - ROOT level set to WARN
00:31:29,613 |-INFO in ch.qos.logback.core.model.processor.AppenderRefModelHandler - Attaching appender named [STDOUT] to Logger[ROOT]
00:31:29,613 |-INFO in ch.qos.logback.core.model.processor.DefaultProcessor@7b0b69c7 - End of configuration.
00:31:29,614 |-INFO in ch.qos.logback.classic.joran.JoranConfigurator@7755e504 - Registering current configuration as safe fallback point
00:31:29,615 |-INFO in ch.qos.logback.classic.util.ContextInitializer@30ca471e - ch.qos.logback.classic.util.DefaultJoranConfigurator.configure() call lasted 62 milliseconds. ExecutionStatus=DO_NOT_INVOKE_NEXT_IF_ANY

WARNING: A restricted method in java.lang.System has been called
WARNING: java.lang.System::load has been called by org.lwjgl.system.Library$$Lambda/0x0000700001142d18 in an unnamed module (file:/Users/havardottestad/Documents/Programming/rdf4j/core/sail/lmdb/target/jmh-benchmarks.jar)
WARNING: Use --enable-native-access=ALL-UNNAMED to avoid a warning for callers in this module
WARNING: Restricted methods will be blocked in a future release unless native access is enabled

1139.482 ms/op
# Warmup Iteration   2: 909.735 ms/op
# Warmup Iteration   3: 860.399 ms/op
# Warmup Iteration   4: 907.861 ms/op
# Warmup Iteration   5: 886.791 ms/op
Iteration   1: 964.907 ms/op
                 gc.alloc.rate:      467.855 MB/sec
                 gc.alloc.rate.norm: 476629544.000 B/op
                 gc.count:           1.000 counts
                 gc.time:            23.000 ms

Iteration   2: 918.685 ms/op
                 gc.alloc.rate:      483.426 MB/sec
                 gc.alloc.rate.norm: 468046768.000 B/op
                 gc.count:           1.000 counts
                 gc.time:            16.000 ms

Iteration   3: 830.057 ms/op
                 gc.alloc.rate:      539.082 MB/sec
                 gc.alloc.rate.norm: 472050520.000 B/op
                 gc.count:           ≈ 0 counts

Iteration   4: 833.681 ms/op
                 gc.alloc.rate:      536.929 MB/sec
                 gc.alloc.rate.norm: 472005196.000 B/op
                 gc.count:           1.000 counts
                 gc.time:            19.000 ms

Iteration   5: 833.215 ms/op
                 gc.alloc.rate:      531.088 MB/sec
                 gc.alloc.rate.norm: 467899292.000 B/op
                 gc.count:           1.000 counts
                 gc.time:            13.000 ms



Result "org.eclipse.rdf4j.sail.lmdb.benchmark.DatagovLoadIsolationBenchmark.loadDatagovFileSingleTransaction":
  876.109 ±(99.9%) 239.381 ms/op [Average]
  (min, avg, max) = (830.057, 876.109, 964.907), stdev = 62.166
  CI (99.9%): [636.728, 1115.490] (assumes normal distribution)

Secondary result "org.eclipse.rdf4j.sail.lmdb.benchmark.DatagovLoadIsolationBenchmark.loadDatagovFileSingleTransaction:gc.alloc.rate":
  511.676 ±(99.9%) 128.924 MB/sec [Average]
  (min, avg, max) = (467.855, 511.676, 539.082), stdev = 33.481
  CI (99.9%): [382.752, 640.600] (assumes normal distribution)

Secondary result "org.eclipse.rdf4j.sail.lmdb.benchmark.DatagovLoadIsolationBenchmark.loadDatagovFileSingleTransaction:gc.alloc.rate.norm":
  471326264.000 ±(99.9%) 13831465.994 B/op [Average]
  (min, avg, max) = (467899292.000, 471326264.000, 476629544.000), stdev = 3591987.795
  CI (99.9%): [457494798.006, 485157729.994] (assumes normal distribution)

Secondary result "org.eclipse.rdf4j.sail.lmdb.benchmark.DatagovLoadIsolationBenchmark.loadDatagovFileSingleTransaction:gc.count":
  4.000 ±(99.9%) 0.001 counts [Sum]
  (min, avg, max) = (≈ 0, 0.800, 1.000), stdev = 0.447
  CI (99.9%): [4.000, 4.000] (assumes normal distribution)

Secondary result "org.eclipse.rdf4j.sail.lmdb.benchmark.DatagovLoadIsolationBenchmark.loadDatagovFileSingleTransaction:gc.time":
  71.000 ±(99.9%) 0.001 ms [Sum]
  (min, avg, max) = (≈ 0, 14.200, 23.000), stdev = 8.758
  CI (99.9%): [71.000, 71.000] (assumes normal distribution)


# Run complete. Total time: 00:00:37

REMEMBER: The numbers below are just data. To gain reusable insights, you need to follow up on
why the numbers are the way they are. Use profilers (see -prof, -lprof), design factorial
experiments, perform baseline and negative tests that provide experimental control, make sure
the benchmarking environment is safe on JVM/OS/HW level, ask for reviews from the domain experts.
Do not assume the numbers tell you what you want them to tell.

NOTE: Current JVM experimentally supports Compiler Blackholes, and they are in use. Please exercise
extra caution when trusting the results, look into the generated code to check the benchmark still
works, and factor in a small probability of new VM bugs. Additionally, while comparisons between
different JVMs are already problematic, the performance difference caused by different Blackhole
modes can be very significant. Please make sure you use the consistent Blackhole mode for comparisons.

Benchmark                                                                          (automaticEvaluationStrategy)  (isolationLevel)  Mode  Cnt          Score          Error   Units
DatagovLoadIsolationBenchmark.loadDatagovFileSingleTransaction                                             false              NONE  avgt    5        804.502 ±       21.417   ms/op
DatagovLoadIsolationBenchmark.loadDatagovFileSingleTransaction:gc.alloc.rate                               false              NONE  avgt    5        412.976 ±       11.154  MB/sec
DatagovLoadIsolationBenchmark.loadDatagovFileSingleTransaction:gc.alloc.rate.norm                          false              NONE  avgt    5  351714260.000 ±    41527.097    B/op
DatagovLoadIsolationBenchmark.loadDatagovFileSingleTransaction:gc.count                                    false              NONE  avgt    5          2.000                 counts
DatagovLoadIsolationBenchmark.loadDatagovFileSingleTransaction:gc.time                                     false              NONE  avgt    5          3.000                     ms
DatagovLoadIsolationBenchmark.loadDatagovFileSingleTransaction                                             false    READ_COMMITTED  avgt    5        876.109 ±      239.381   ms/op
DatagovLoadIsolationBenchmark.loadDatagovFileSingleTransaction:gc.alloc.rate                               false    READ_COMMITTED  avgt    5        511.676 ±      128.924  MB/sec
DatagovLoadIsolationBenchmark.loadDatagovFileSingleTransaction:gc.alloc.rate.norm                          false    READ_COMMITTED  avgt    5  471326264.000 ± 13831465.994    B/op
DatagovLoadIsolationBenchmark.loadDatagovFileSingleTransaction:gc.count                                    false    READ_COMMITTED  avgt    5          4.000                 counts
DatagovLoadIsolationBenchmark.loadDatagovFileSingleTransaction:gc.time                                     false    READ_COMMITTED  avgt    5         71.000                     ms

Benchmark result is saved to profiles/lmdb-load-10x/baseline-macos/run-1.json
